  [1m[36m (1.2ms)[0m  [1mCREATE TABLE "schema_migrations" ("version" varchar NOT NULL) [0m
  [1m[35m (0.0ms)[0m  select sqlite_version(*)
  [1m[36m (1.0ms)[0m  [1mCREATE UNIQUE INDEX "unique_schema_migrations" ON "schema_migrations" ("version")[0m
  [1m[35mActiveRecord::SchemaMigration Load (0.1ms)[0m  SELECT "schema_migrations".* FROM "schema_migrations"
  [1m[36mActiveRecord::SchemaMigration Load (0.1ms)[0m  [1mSELECT "schema_migrations".* FROM "schema_migrations"[0m
Migrating to CreatePosts (20151230232412)
  [1m[35m (0.1ms)[0m  begin transaction
  [1m[36m (0.4ms)[0m  [1mCREATE TABLE "posts" ("id" INTEGER PRIMARY KEY AUTOINCREMENT NOT NULL, "title" varchar, "description" text, "created_at" datetime NOT NULL, "updated_at" datetime NOT NULL) [0m
  [1m[35mSQL (0.2ms)[0m  INSERT INTO "schema_migrations" ("version") VALUES (?)  [["version", "20151230232412"]]
  [1m[36m (1.3ms)[0m  [1mcommit transaction[0m
  [1m[35mActiveRecord::SchemaMigration Load (0.1ms)[0m  SELECT "schema_migrations".* FROM "schema_migrations"


Started GET "/posts" for ::1 at 2019-01-12 20:13:02 -0500
  [1m[36mActiveRecord::SchemaMigration Load (0.1ms)[0m  [1mSELECT "schema_migrations".* FROM "schema_migrations"[0m
Processing by PostsController#index as HTML
  [1m[35mPost Load (0.1ms)[0m  SELECT "posts".* FROM "posts"
  Rendered posts/index.html.erb within layouts/application (2.8ms)
Completed 200 OK in 542ms (Views: 528.3ms | ActiveRecord: 0.2ms)


Started GET "/assets/jquery.self-bd7ddd393353a8d2480a622e80342adf488fb6006d667e8b42e4c0073393abee.js?body=1" for ::1 at 2019-01-12 20:13:03 -0500


Started GET "/posts" for ::1 at 2019-01-12 20:18:36 -0500
Processing by PostsController#index as HTML
  [1m[36mPost Load (0.1ms)[0m  [1mSELECT "posts".* FROM "posts"[0m
  Rendered posts/index.html.erb within layouts/application (0.5ms)
Completed 200 OK in 21ms (Views: 20.1ms | ActiveRecord: 0.1ms)


Started GET "/posts/1" for ::1 at 2019-01-12 20:18:46 -0500
Processing by PostsController#show as HTML
  Parameters: {"id"=>"1"}
  [1m[35mPost Load (0.2ms)[0m  SELECT  "posts".* FROM "posts" WHERE "posts"."id" = ? LIMIT 1  [["id", 1]]
Completed 404 Not Found in 54ms (ActiveRecord: 0.5ms)

ActiveRecord::RecordNotFound (Couldn't find Post with 'id'=1):
  app/controllers/posts_controller.rb:7:in `show'


  Rendered /Users/jisung/.rvm/gems/ruby-2.3.3/gems/actionpack-4.2.11/lib/action_dispatch/middleware/templates/rescues/_source.erb (4.6ms)
  Rendered /Users/jisung/.rvm/gems/ruby-2.3.3/gems/actionpack-4.2.11/lib/action_dispatch/middleware/templates/rescues/_trace.html.erb (2.4ms)
  Rendered /Users/jisung/.rvm/gems/ruby-2.3.3/gems/actionpack-4.2.11/lib/action_dispatch/middleware/templates/rescues/_request_and_response.html.erb (1.4ms)
  Rendered /Users/jisung/.rvm/gems/ruby-2.3.3/gems/actionpack-4.2.11/lib/action_dispatch/middleware/templates/rescues/diagnostics.html.erb within rescues/layout (150.9ms)
  [1m[36mActiveRecord::SchemaMigration Load (0.1ms)[0m  [1mSELECT "schema_migrations".* FROM "schema_migrations"[0m
  [1m[35mActiveRecord::SchemaMigration Load (0.1ms)[0m  SELECT "schema_migrations".* FROM "schema_migrations"
  [1m[36mActiveRecord::SchemaMigration Load (0.1ms)[0m  [1mSELECT "schema_migrations".* FROM "schema_migrations"[0m
  [1m[36mActiveRecord::SchemaMigration Load (0.1ms)[0m  [1mSELECT "schema_migrations".* FROM "schema_migrations"[0m
  [1m[35m (0.0ms)[0m  begin transaction
  [1m[36mSQL (0.7ms)[0m  [1mINSERT INTO "posts" ("title", "description", "created_at", "updated_at") VALUES (?, ?, ?, ?)[0m  [["title", "Post 1"], ["description", "This is the description"], ["created_at", "2019-01-13 01:25:03.295117"], ["updated_at", "2019-01-13 01:25:03.295117"]]
  [1m[35m (1.5ms)[0m  commit transaction
  [1m[36m (0.0ms)[0m  [1mbegin transaction[0m
  [1m[35mSQL (0.4ms)[0m  INSERT INTO "posts" ("title", "description", "created_at", "updated_at") VALUES (?, ?, ?, ?)  [["title", "Post 2"], ["description", "Hi This is the description"], ["created_at", "2019-01-13 01:25:03.299405"], ["updated_at", "2019-01-13 01:25:03.299405"]]
  [1m[36m (1.4ms)[0m  [1mcommit transaction[0m
  [1m[35m (0.0ms)[0m  begin transaction
  [1m[36mSQL (0.4ms)[0m  [1mINSERT INTO "posts" ("title", "description", "created_at", "updated_at") VALUES (?, ?, ?, ?)[0m  [["title", "Post 3"], ["description", "Whats up this is the description"], ["created_at", "2019-01-13 01:25:03.302645"], ["updated_at", "2019-01-13 01:25:03.302645"]]
  [1m[35m (1.5ms)[0m  commit transaction
  [1m[36m (0.0ms)[0m  [1mbegin transaction[0m
  [1m[35mSQL (0.4ms)[0m  INSERT INTO "posts" ("title", "description", "created_at", "updated_at") VALUES (?, ?, ?, ?)  [["title", "Post 4"], ["description", "Kanye is the description"], ["created_at", "2019-01-13 01:25:03.305744"], ["updated_at", "2019-01-13 01:25:03.305744"]]
  [1m[36m (1.2ms)[0m  [1mcommit transaction[0m
  [1m[35m (0.1ms)[0m  begin transaction
  [1m[36mSQL (0.3ms)[0m  [1mINSERT INTO "posts" ("title", "description", "created_at", "updated_at") VALUES (?, ?, ?, ?)[0m  [["title", "Post 5"], ["description", "This is the answer"], ["created_at", "2019-01-13 01:25:03.308526"], ["updated_at", "2019-01-13 01:25:03.308526"]]
  [1m[35m (1.2ms)[0m  commit transaction


Started GET "/posts" for ::1 at 2019-01-12 20:25:19 -0500
  [1m[36mActiveRecord::SchemaMigration Load (0.1ms)[0m  [1mSELECT "schema_migrations".* FROM "schema_migrations"[0m
Processing by PostsController#index as HTML
  [1m[35mPost Load (0.2ms)[0m  SELECT "posts".* FROM "posts"
  Rendered posts/index.html.erb within layouts/application (6.8ms)
Completed 200 OK in 321ms (Views: 295.8ms | ActiveRecord: 0.5ms)


Started GET "/posts/1" for ::1 at 2019-01-12 20:25:22 -0500
Processing by PostsController#show as HTML
  Parameters: {"id"=>"1"}
  [1m[36mPost Load (0.4ms)[0m  [1mSELECT  "posts".* FROM "posts" WHERE "posts"."id" = ? LIMIT 1[0m  [["id", 1]]
  Rendered posts/show.html.erb within layouts/application (0.5ms)
Completed 200 OK in 27ms (Views: 17.2ms | ActiveRecord: 0.4ms)


Started GET "/posts/3" for ::1 at 2019-01-12 20:25:24 -0500
Processing by PostsController#show as HTML
  Parameters: {"id"=>"3"}
  [1m[35mPost Load (0.1ms)[0m  SELECT  "posts".* FROM "posts" WHERE "posts"."id" = ? LIMIT 1  [["id", 3]]
  Rendered posts/show.html.erb within layouts/application (0.1ms)
Completed 200 OK in 19ms (Views: 18.3ms | ActiveRecord: 0.1ms)
